🌟 Usage Summary 🌟
[CODING] dataset_loader.py
🛠️ Model: o3-mini
📥 Input tokens: 2290 (Cost: $0.00251900)
📦 Cached input tokens: 18304 (Cost: $0.01006720)
📤 Output tokens: 8838 (Cost: $0.03888720)
💵 Current total cost: $0.05147340
🪙 Accumulated total cost so far: $0.05147340
============================================

🌟 Usage Summary 🌟
[CODING] model.py
🛠️ Model: o3-mini
📥 Input tokens: 5740 (Cost: $0.00631400)
📦 Cached input tokens: 18304 (Cost: $0.01006720)
📤 Output tokens: 19534 (Cost: $0.08594960)
💵 Current total cost: $0.10233080
🪙 Accumulated total cost so far: $0.15380420
============================================

🌟 Usage Summary 🌟
[CODING] trainer.py
🛠️ Model: o3-mini
📥 Input tokens: 7489 (Cost: $0.00823790)
📦 Cached input tokens: 21376 (Cost: $0.01175680)
📤 Output tokens: 10786 (Cost: $0.04745840)
💵 Current total cost: $0.06745310
🪙 Accumulated total cost so far: $0.22125730
============================================

🌟 Usage Summary 🌟
[CODING] evaluation.py
🛠️ Model: o3-mini
📥 Input tokens: 5312 (Cost: $0.00584320)
📦 Cached input tokens: 26496 (Cost: $0.01457280)
📤 Output tokens: 12336 (Cost: $0.05427840)
💵 Current total cost: $0.07469440
🪙 Accumulated total cost so far: $0.29595170
============================================

🌟 Usage Summary 🌟
[CODING] main.py
🛠️ Model: o3-mini
📥 Input tokens: 8339 (Cost: $0.00917290)
📦 Cached input tokens: 26496 (Cost: $0.01457280)
📤 Output tokens: 2119 (Cost: $0.00932360)
💵 Current total cost: $0.03306930
🪙 Accumulated total cost so far: $0.32902100
============================================

🌟 Usage Summary 🌟
[Evaluation] fit - ref_free
🛠️ Model: o3-mini
📥 Input tokens: 15069 (Cost: $0.01657590)
📦 Cached input tokens: 14208 (Cost: $0.00781440)
📤 Output tokens: 31495 (Cost: $0.13857800)
💵 Current total cost: $0.16296830
🪙 Accumulated total cost so far: $0.16296830
============================================

