🌟 Usage Summary 🌟
[CODING] dataset_loader.py
🛠️ Model: o3-mini
📥 Input tokens: 30268 (Cost: $0.03329480)
📦 Cached input tokens: 0 (Cost: $0.00000000)
📤 Output tokens: 10569 (Cost: $0.04650360)
💵 Current total cost: $0.07979840
🪙 Accumulated total cost so far: $0.07979840
============================================

🌟 Usage Summary 🌟
[CODING] model.py
🛠️ Model: o3-mini
📥 Input tokens: 5410 (Cost: $0.00595100)
📦 Cached input tokens: 27520 (Cost: $0.01513600)
📤 Output tokens: 8705 (Cost: $0.03830200)
💵 Current total cost: $0.05938900
🪙 Accumulated total cost so far: $0.13918740
============================================

🌟 Usage Summary 🌟
[CODING] trainer.py
🛠️ Model: o3-mini
📥 Input tokens: 6079 (Cost: $0.00668690)
📦 Cached input tokens: 31488 (Cost: $0.01731840)
📤 Output tokens: 7769 (Cost: $0.03418360)
💵 Current total cost: $0.05818890
🪙 Accumulated total cost so far: $0.19737630
============================================

🌟 Usage Summary 🌟
[CODING] evaluation.py
🛠️ Model: o3-mini
📥 Input tokens: 4120 (Cost: $0.00453200)
📦 Cached input tokens: 35712 (Cost: $0.01964160)
📤 Output tokens: 14897 (Cost: $0.06554680)
💵 Current total cost: $0.08972040
🪙 Accumulated total cost so far: $0.28709670
============================================

🌟 Usage Summary 🌟
[CODING] main.py
🛠️ Model: o3-mini
📥 Input tokens: 6129 (Cost: $0.00674190)
📦 Cached input tokens: 37888 (Cost: $0.02083840)
📤 Output tokens: 3050 (Cost: $0.01342000)
💵 Current total cost: $0.04100030
🪙 Accumulated total cost so far: $0.32809700
============================================

🌟 Usage Summary 🌟
[Evaluation] transformer - ref_free
🛠️ Model: o3-mini
📥 Input tokens: 16222 (Cost: $0.01784420)
📦 Cached input tokens: 24448 (Cost: $0.01344640)
📤 Output tokens: 22194 (Cost: $0.09765360)
💵 Current total cost: $0.12894420
🪙 Accumulated total cost so far: $0.12894420
============================================

