🌟 Usage Summary 🌟
[CODING] dataset_loader.py
🛠️ Model: o3-mini
📥 Input tokens: 2511 (Cost: $0.00276210)
📦 Cached input tokens: 18304 (Cost: $0.01006720)
📤 Output tokens: 5443 (Cost: $0.02394920)
💵 Current total cost: $0.03677850
🪙 Accumulated total cost so far: $0.03677850
============================================

🌟 Usage Summary 🌟
[CODING] model.py
🛠️ Model: o3-mini
📥 Input tokens: 5194 (Cost: $0.00571340)
📦 Cached input tokens: 18304 (Cost: $0.01006720)
📤 Output tokens: 16041 (Cost: $0.07058040)
💵 Current total cost: $0.08636100
🪙 Accumulated total cost so far: $0.12313950
============================================

🌟 Usage Summary 🌟
[CODING] trainer.py
🛠️ Model: o3-mini
📥 Input tokens: 9006 (Cost: $0.00990660)
📦 Cached input tokens: 18304 (Cost: $0.01006720)
📤 Output tokens: 9783 (Cost: $0.04304520)
💵 Current total cost: $0.06301900
🪙 Accumulated total cost so far: $0.18615850
============================================

🌟 Usage Summary 🌟
[CODING] evaluation.py
🛠️ Model: o3-mini
📥 Input tokens: 10478 (Cost: $0.01152580)
📦 Cached input tokens: 20480 (Cost: $0.01126400)
📤 Output tokens: 14549 (Cost: $0.06401560)
💵 Current total cost: $0.08680540
🪙 Accumulated total cost so far: $0.27296390
============================================

🌟 Usage Summary 🌟
[CODING] main.py
🛠️ Model: o3-mini
📥 Input tokens: 5384 (Cost: $0.00592240)
📦 Cached input tokens: 28672 (Cost: $0.01576960)
📤 Output tokens: 3267 (Cost: $0.01437480)
💵 Current total cost: $0.03606680
🪙 Accumulated total cost so far: $0.30903070
============================================

🌟 Usage Summary 🌟
[Evaluation] fit - ref_free
🛠️ Model: o3-mini
📥 Input tokens: 14893 (Cost: $0.01638230)
📦 Cached input tokens: 14336 (Cost: $0.00788480)
📤 Output tokens: 25094 (Cost: $0.11041360)
💵 Current total cost: $0.13468070
🪙 Accumulated total cost so far: $0.13468070
============================================

