🌟 Usage Summary 🌟
[CODING] dataset_loader.py
🛠️ Model: o3-mini
📥 Input tokens: 1647 (Cost: $0.00181170)
📦 Cached input tokens: 25600 (Cost: $0.01408000)
📤 Output tokens: 5866 (Cost: $0.02581040)
💵 Current total cost: $0.04170210
🪙 Accumulated total cost so far: $0.04170210
============================================

🌟 Usage Summary 🌟
[CODING] model.py
🛠️ Model: o3-mini
📥 Input tokens: 5543 (Cost: $0.00609730)
📦 Cached input tokens: 25344 (Cost: $0.01393920)
📤 Output tokens: 3351 (Cost: $0.01474440)
💵 Current total cost: $0.03478090
🪙 Accumulated total cost so far: $0.07648300
============================================

🌟 Usage Summary 🌟
[CODING] trainer.py
🛠️ Model: o3-mini
📥 Input tokens: 6950 (Cost: $0.00764500)
📦 Cached input tokens: 25344 (Cost: $0.01393920)
📤 Output tokens: 7741 (Cost: $0.03406040)
💵 Current total cost: $0.05564460
🪙 Accumulated total cost so far: $0.13212760
============================================

🌟 Usage Summary 🌟
[CODING] evaluation.py
🛠️ Model: o3-mini
📥 Input tokens: 6910 (Cost: $0.00760100)
📦 Cached input tokens: 27648 (Cost: $0.01520640)
📤 Output tokens: 11344 (Cost: $0.04991360)
💵 Current total cost: $0.07272100
🪙 Accumulated total cost so far: $0.20484860
============================================

🌟 Usage Summary 🌟
[CODING] main.py
🛠️ Model: o3-mini
📥 Input tokens: 5509 (Cost: $0.00605990)
📦 Cached input tokens: 31744 (Cost: $0.01745920)
📤 Output tokens: 2979 (Cost: $0.01310760)
💵 Current total cost: $0.03662670
🪙 Accumulated total cost so far: $0.24147530
============================================

🌟 Usage Summary 🌟
[Evaluation] gem - ref_free
🛠️ Model: o3-mini
📥 Input tokens: 12062 (Cost: $0.01326820)
📦 Cached input tokens: 20480 (Cost: $0.01126400)
📤 Output tokens: 30133 (Cost: $0.13258520)
💵 Current total cost: $0.15711740
🪙 Accumulated total cost so far: $0.15711740
============================================

