🌟 Usage Summary 🌟
[CODING] dataset_loader.py
🛠️ Model: o3-mini
📥 Input tokens: 1296 (Cost: $0.00142560)
📦 Cached input tokens: 25600 (Cost: $0.01408000)
📤 Output tokens: 6527 (Cost: $0.02871880)
💵 Current total cost: $0.04422440
🪙 Accumulated total cost so far: $0.04422440
============================================

🌟 Usage Summary 🌟
[CODING] model.py
🛠️ Model: o3-mini
📥 Input tokens: 4498 (Cost: $0.00494780)
📦 Cached input tokens: 25344 (Cost: $0.01393920)
📤 Output tokens: 6320 (Cost: $0.02780800)
💵 Current total cost: $0.04669500
🪙 Accumulated total cost so far: $0.09091940
============================================

🌟 Usage Summary 🌟
[CODING] trainer.py
🛠️ Model: o3-mini
📥 Input tokens: 4222 (Cost: $0.00464420)
📦 Cached input tokens: 27648 (Cost: $0.01520640)
📤 Output tokens: 9941 (Cost: $0.04374040)
💵 Current total cost: $0.06359100
🪙 Accumulated total cost so far: $0.15451040
============================================

🌟 Usage Summary 🌟
[CODING] evaluation.py
🛠️ Model: o3-mini
📥 Input tokens: 9264 (Cost: $0.01019040)
📦 Cached input tokens: 25344 (Cost: $0.01393920)
📤 Output tokens: 12431 (Cost: $0.05469640)
💵 Current total cost: $0.07882600
🪙 Accumulated total cost so far: $0.23333640
============================================

🌟 Usage Summary 🌟
[CODING] main.py
🛠️ Model: o3-mini
📥 Input tokens: 8003 (Cost: $0.00880330)
📦 Cached input tokens: 29696 (Cost: $0.01633280)
📤 Output tokens: 4052 (Cost: $0.01782880)
💵 Current total cost: $0.04296490
🪙 Accumulated total cost so far: $0.27630130
============================================

🌟 Usage Summary 🌟
[Evaluation] gem - ref_free
🛠️ Model: o3-mini
📥 Input tokens: 12820 (Cost: $0.01410200)
📦 Cached input tokens: 20480 (Cost: $0.01126400)
📤 Output tokens: 28497 (Cost: $0.12538680)
💵 Current total cost: $0.15075280
🪙 Accumulated total cost so far: $0.15075280
============================================

